[19-Mar-2025 14:22:13 Europe/Berlin] PHP Fatal error:  Uncaught mysqli_sql_exception: Cannot add or update a child row: a foreign key constraint fails (`admin_dashboard`.`services`, CONSTRAINT `services_ibfk_1` FOREIGN KEY (`branch_id`) REFERENCES `branches` (`id`)) in C:\xampp\htdocs\admin_dashboard_backend\add_service.php:81
Stack trace:
#0 C:\xampp\htdocs\admin_dashboard_backend\add_service.php(81): mysqli_stmt->execute()
#1 {main}
  thrown in C:\xampp\htdocs\admin_dashboard_backend\add_service.php on line 81
[19-Mar-2025 14:59:57 Europe/Berlin] PHP Fatal error:  Uncaught mysqli_sql_exception: Cannot add or update a child row: a foreign key constraint fails (`admin_dashboard`.`services`, CONSTRAINT `services_ibfk_1` FOREIGN KEY (`branch_id`) REFERENCES `branches` (`id`)) in C:\xampp\htdocs\admin_dashboard_backend\add_service.php:81
Stack trace:
#0 C:\xampp\htdocs\admin_dashboard_backend\add_service.php(81): mysqli_stmt->execute()
#1 {main}
  thrown in C:\xampp\htdocs\admin_dashboard_backend\add_service.php on line 81
[19-Mar-2025 15:18:49 Europe/Berlin] PHP Fatal error:  Uncaught mysqli_sql_exception: MySQL server has gone away in C:\xampp\htdocs\admin_dashboard_backend\add_service.php:114
Stack trace:
#0 C:\xampp\htdocs\admin_dashboard_backend\add_service.php(114): mysqli_stmt->execute()
#1 {main}
  thrown in C:\xampp\htdocs\admin_dashboard_backend\add_service.php on line 114
[19-Mar-2025 15:38:08 Europe/Berlin] PHP Fatal error:  Uncaught mysqli_sql_exception: Cannot add or update a child row: a foreign key constraint fails (`admin_dashboard`.`services`, CONSTRAINT `services_ibfk_1` FOREIGN KEY (`branch_id`) REFERENCES `branches` (`id`)) in C:\xampp\htdocs\admin_dashboard_backend\add_service.php:114
Stack trace:
#0 C:\xampp\htdocs\admin_dashboard_backend\add_service.php(114): mysqli_stmt->execute()
#1 {main}
  thrown in C:\xampp\htdocs\admin_dashboard_backend\add_service.php on line 114
